============================= test session starts =============================
platform win32 -- Python 3.13.13, pytest-9.0.3, pluggy-1.6.0
rootdir: C:\Users\User\a_projects\job_ftch
configfile: pyproject.toml
plugins: anyio-4.13.0, asyncio-1.3.0, cov-7.1.0
asyncio: mode=Mode.AUTO, debug=False, asyncio_default_fixture_loop_scope=None, asyncio_default_test_loop_scope=function
collected 16 items

tests\test_store.py .....                                                [ 31%]
tests\test_phase21_rss.py ........                                       [ 81%]
tests\test_phase19_api_sources.py ...                                    [100%]

============================= 16 passed in 1.09s ==============================
