============================= test session starts =============================
platform win32 -- Python 3.13.13, pytest-9.0.3, pluggy-1.6.0
rootdir: C:\Users\User\a_projects\job_ftch
configfile: pyproject.toml
plugins: anyio-4.13.0, asyncio-1.3.0, cov-7.1.0
asyncio: mode=Mode.AUTO, debug=False, asyncio_default_fixture_loop_scope=None, asyncio_default_test_loop_scope=function
collected 6 items

tests\test_extraction_evaluation.py .                                    [ 16%]
tests\test_outputs.py .                                                  [ 33%]
tests\test_phase16_e2e.py .                                              [ 50%]
tests\test_phase23_tenants.py .                                          [ 66%]
tests\test_phase25_telegram_bot.py .                                     [ 83%]
tests\test_app_e2e.py .                                                  [100%]

============================= 6 passed in 58.71s ==============================
